<?xml version="1.0" encoding="utf-8"?><testsuites name="pytest tests"><testsuite name="pytest" errors="0" failures="0" skipped="0" tests="21" time="10.220" timestamp="2026-06-15T05:25:10.820213+00:00" hostname="agent-env-a96be1e6-e842-4f9f-ae05-81d51572bd08"><testcase classname="backend.tests.backend_test.TestProducts" name="test_list_returns_9_inr_with_variations" time="0.349" /><testcase classname="backend.tests.backend_test.TestProducts" name="test_price_ranges_per_tier" time="0.049" /><testcase classname="backend.tests.backend_test.TestProducts" name="test_get_product_by_slug" time="0.054" /><testcase classname="backend.tests.backend_test.TestCMS" name="test_get_site_content_defaults" time="0.047" /><testcase classname="backend.tests.backend_test.TestCMS" name="test_cms_update_requires_admin" time="0.048" /><testcase classname="backend.tests.backend_test.TestCMS" name="test_cms_admin_update_and_restore" time="0.652" /><testcase classname="backend.tests.backend_test.TestOtpAuth" name="test_otp_request_returns_dev_otp" time="0.047" /><testcase classname="backend.tests.backend_test.TestOtpAuth" name="test_otp_request_invalid_phone_400" time="0.044" /><testcase classname="backend.tests.backend_test.TestOtpAuth" name="test_otp_request_missing_phone_422_or_400" time="0.044" /><testcase classname="backend.tests.backend_test.TestOtpAuth" name="test_otp_verify_full_flow" time="0.149" /><testcase classname="backend.tests.backend_test.TestOtpAuth" name="test_admin_email_login_still_works" time="0.472" /><testcase classname="backend.tests.backend_test.TestCheckout" name="test_pin_required_empty" time="0.045" /><testcase classname="backend.tests.backend_test.TestCheckout" name="test_pin_invalid_non_numeric" time="0.045" /><testcase classname="backend.tests.backend_test.TestCheckout" name="test_pin_too_short" time="0.044" /><testcase classname="backend.tests.backend_test.TestCheckout" name="test_stripe_session_created" time="0.735" /><testcase classname="backend.tests.backend_test.TestCheckout" name="test_mock_payment_creates_order_and_decrements_stock[upi]" time="0.241" /><testcase classname="backend.tests.backend_test.TestCheckout" name="test_mock_payment_creates_order_and_decrements_stock[rupay]" time="0.185" /><testcase classname="backend.tests.backend_test.TestCheckout" name="test_mock_payment_creates_order_and_decrements_stock[paytm]" time="0.226" /><testcase classname="backend.tests.backend_test.TestAIChat" name="test_chat_english" time="2.605" /><testcase classname="backend.tests.backend_test.TestAIChat" name="test_chat_hindi" time="3.741" /><testcase classname="backend.tests.backend_test.TestAIChat" name="test_chat_empty_messages_400" time="0.054" /></testsuite></testsuites>