<?xml version="1.0" encoding="utf-8"?><testsuites name="pytest tests"><testsuite name="pytest" errors="0" failures="0" skipped="0" tests="20" time="4.950" timestamp="2026-06-15T03:30:56.990480+00:00" hostname="agent-env-a96be1e6-e842-4f9f-ae05-81d51572bd08"><testcase classname="backend.tests.backend_test.TestRoot" name="test_root_info" time="0.369" /><testcase classname="backend.tests.backend_test.TestProducts" name="test_list_all_products" time="0.055" /><testcase classname="backend.tests.backend_test.TestProducts" name="test_filter_by_tier[pro-2]" time="0.051" /><testcase classname="backend.tests.backend_test.TestProducts" name="test_filter_by_tier[kids-2]" time="0.057" /><testcase classname="backend.tests.backend_test.TestProducts" name="test_filter_by_tier[senior-2]" time="0.057" /><testcase classname="backend.tests.backend_test.TestProducts" name="test_get_product_by_slug" time="0.050" /><testcase classname="backend.tests.backend_test.TestProducts" name="test_get_product_unknown_slug_404" time="0.051" /><testcase classname="backend.tests.backend_test.TestAuth" name="test_register_and_returns_jwt" time="0.457" /><testcase classname="backend.tests.backend_test.TestAuth" name="test_register_duplicate_email_400" time="0.053" /><testcase classname="backend.tests.backend_test.TestAuth" name="test_login_success" time="0.441" /><testcase classname="backend.tests.backend_test.TestAuth" name="test_login_wrong_password_401" time="0.410" /><testcase classname="backend.tests.backend_test.TestAuth" name="test_me_with_token" time="0.052" /><testcase classname="backend.tests.backend_test.TestAuth" name="test_me_without_token_401" time="0.208" /><testcase classname="backend.tests.backend_test.TestNewsletter" name="test_signup_and_idempotent" time="0.139" /><testcase classname="backend.tests.backend_test.TestCheckout" name="test_checkout_empty_cart_400" time="0.054" /><testcase classname="backend.tests.backend_test.TestCheckout" name="test_checkout_invalid_product_400" time="0.048" /><testcase classname="backend.tests.backend_test.TestCheckout" name="test_checkout_session_create_and_status" time="1.435" /><testcase classname="backend.tests.backend_test.TestCheckout" name="test_checkout_status_unknown_404" time="0.053" /><testcase classname="backend.tests.backend_test.TestOrders" name="test_orders_requires_auth" time="0.193" /><testcase classname="backend.tests.backend_test.TestOrders" name="test_orders_empty_for_new_user" time="0.054" /></testsuite></testsuites>